<?xml version="1.0" encoding="UTF-8"?>
<!-- Generated by org.testng.reporters.JUnitXMLReporter -->
<testsuite ignored="0" hostname="DESKTOP-PG819QI" failures="0" tests="5" name="Default test" time="0.05" errors="0" timestamp="2025-09-30T15:59:13 IST">
  <testcase classname="testBase.BaseClass" name="@BeforeSuite setup" time="-1.759228153775E9">
    <failure type="org.testng.TestNGException" message="
Parameter &amp;apos;os&amp;apos; is required by BeforeSuite on method setup but has not been marked @Optional or defined
in C:\Users\Trellis\AppData\Local\Temp\testng-eclipse--144896905\testng-customsuite.xml">
      <![CDATA[org.testng.TestNGException: 
Parameter 'os' is required by BeforeSuite on method setup but has not been marked @Optional or defined
in C:\Users\Trellis\AppData\Local\Temp\testng-eclipse--144896905\testng-customsuite.xml
at org.testng.internal.Parameters.createParams(Parameters.java:264)
at org.testng.internal.Parameters.createParametersForMethod(Parameters.java:352)
at org.testng.internal.Parameters.createParameters(Parameters.java:690)
at org.testng.internal.Parameters.createConfigurationParameters(Parameters.java:163)
at org.testng.internal.invokers.ConfigInvoker.invokeConfigurations(ConfigInvoker.java:313)
at org.testng.SuiteRunner.privateRun(SuiteRunner.java:358)
at org.testng.SuiteRunner.run(SuiteRunner.java:312)
at org.testng.SuiteRunnerWorker.runSuite(SuiteRunnerWorker.java:52)
at org.testng.SuiteRunnerWorker.run(SuiteRunnerWorker.java:95)
at org.testng.TestNG.runSuitesSequentially(TestNG.java:1274)
at org.testng.TestNG.runSuitesLocally(TestNG.java:1208)
at org.testng.TestNG.runSuites(TestNG.java:1112)
at org.testng.TestNG.run(TestNG.java:1079)
at org.testng.remote.AbstractRemoteTestNG.run(AbstractRemoteTestNG.java:115)
at org.testng.remote.RemoteTestNG.initAndRun(RemoteTestNG.java:293)
at org.testng.remote.RemoteTestNG.main(RemoteTestNG.java:91)
]]>
    </failure>
  </testcase> <!-- @BeforeSuite setup -->
  <testcase classname="testCases.TC006_ReRunInvoicePageTest" name="@BeforeClass setupPageObjects" time="0.0">
    <skipped/>
  </testcase> <!-- @BeforeClass setupPageObjects -->
  <testcase classname="testCases.TC006_ReRunInvoicePageTest" name="verifyLogin" time="0.0">
    <skipped/>
  </testcase> <!-- verifyLogin -->
  <testcase classname="testCases.TC006_ReRunInvoicePageTest" name="verifyRerunInvoicesTab" time="0.0">
    <skipped/>
  </testcase> <!-- verifyRerunInvoicesTab -->
  <testcase classname="testCases.TC006_ReRunInvoicePageTest" name="validateRerunInvoiceFunction" time="0.0">
    <skipped/>
  </testcase> <!-- validateRerunInvoiceFunction -->
  <testcase classname="testCases.TC006_ReRunInvoicePageTest" name="validateRerunInvoiceFields" time="0.0">
    <skipped/>
  </testcase> <!-- validateRerunInvoiceFields -->
  <testcase classname="testCases.TC006_ReRunInvoicePageTest" name="verifyReadyForPrimaryApprovalInvoiceRerunWithInvoiceNumber" time="0.0">
    <skipped/>
  </testcase> <!-- verifyReadyForPrimaryApprovalInvoiceRerunWithInvoiceNumber -->
</testsuite> <!-- Default test -->
