<?xml version="1.0" encoding="UTF-8"?>
<!-- Generated by org.testng.reporters.JUnitXMLReporter -->
<testsuite ignored="0" hostname="DESKTOP-PG819QI" failures="1" tests="3" name="RegressionTests" time="61.866" errors="0" timestamp="2025-09-01T16:06:11 IST">
  <testcase classname="testCases.TC001_LoginPageTest" name="verify_login_page" time="3.276"/>
  <testcase classname="testCases.TC002_DashboardPageTest" name="verify_AllTest" time="18.433"/>
  <testcase classname="testCases.TC003_GeneralInvoiceTest" name="verify_general_Invoice_Page" time="30.086">
    <failure type="java.lang.AssertionError" message="Dashboard test failed: stale element reference: stale element not found in the current frame
  (Session info: chrome=139.0.7258.140)
For documentation on this error, please visit: https://www.selenium.dev/documentation/webdriver/troubleshooting/errors#stale-element-reference-exception
Build info: version: &amp;apos;4.24.0&amp;apos;, revision: &amp;apos;748ffc9bc3&amp;apos;
System info: os.name: &amp;apos;Windows 11&amp;apos;, os.arch: &amp;apos;amd64&amp;apos;, os.version: &amp;apos;10.0&amp;apos;, java.version: &amp;apos;17.0.10&amp;apos;
Driver info: org.openqa.selenium.chrome.ChromeDriver
Command: [37da7b75d81ce3fec5e0d14fdec94acf, isElementDisplayed {id=f.B15A7718DF45F0DEAD77B3ECD4259C5C.d.82D570E4EB2594D8F62C525E36302212.e.142}]
Capabilities {acceptInsecureCerts: false, browserName: chrome, browserVersion: 139.0.7258.140, chrome: {chromedriverVersion: 139.0.7258.154 (9e0d6b2b47f..., userDataDir: C:\Users\Trellis\AppData\Lo...}, fedcm:accounts: true, goog:chromeOptions: {debuggerAddress: localhost:63553}, networkConnectionEnabled: false, pageLoadStrategy: normal, platformName: windows, proxy: Proxy(), se:cdp: ws://localhost:63553/devtoo..., se:cdpVersion: 139.0.7258.140, setWindowRect: true, strictFileInteractability: false, timeouts: {implicit: 0, pageLoad: 300000, script: 30000}, unhandledPromptBehavior: dismiss and notify, webauthn:extension:credBlob: true, webauthn:extension:largeBlob: true, webauthn:extension:minPinLength: true, webauthn:extension:prf: true, webauthn:virtualAuthenticators: true}
Element: [[ChromeDriver: chrome on windows (37da7b75d81ce3fec5e0d14fdec94acf)] -&amp;gt; xpath: //div[@class=&amp;apos;d-flex&amp;apos;]//*[@class=&amp;apos;text-warning cursor-pointer&amp;apos;]]
Session ID: 37da7b75d81ce3fec5e0d14fdec94acf">
      <![CDATA[java.lang.AssertionError: Dashboard test failed: stale element reference: stale element not found in the current frame
  (Session info: chrome=139.0.7258.140)
For documentation on this error, please visit: https://www.selenium.dev/documentation/webdriver/troubleshooting/errors#stale-element-reference-exception
Build info: version: '4.24.0', revision: '748ffc9bc3'
System info: os.name: 'Windows 11', os.arch: 'amd64', os.version: '10.0', java.version: '17.0.10'
Driver info: org.openqa.selenium.chrome.ChromeDriver
Command: [37da7b75d81ce3fec5e0d14fdec94acf, isElementDisplayed {id=f.B15A7718DF45F0DEAD77B3ECD4259C5C.d.82D570E4EB2594D8F62C525E36302212.e.142}]
Capabilities {acceptInsecureCerts: false, browserName: chrome, browserVersion: 139.0.7258.140, chrome: {chromedriverVersion: 139.0.7258.154 (9e0d6b2b47f..., userDataDir: C:\Users\Trellis\AppData\Lo...}, fedcm:accounts: true, goog:chromeOptions: {debuggerAddress: localhost:63553}, networkConnectionEnabled: false, pageLoadStrategy: normal, platformName: windows, proxy: Proxy(), se:cdp: ws://localhost:63553/devtoo..., se:cdpVersion: 139.0.7258.140, setWindowRect: true, strictFileInteractability: false, timeouts: {implicit: 0, pageLoad: 300000, script: 30000}, unhandledPromptBehavior: dismiss and notify, webauthn:extension:credBlob: true, webauthn:extension:largeBlob: true, webauthn:extension:minPinLength: true, webauthn:extension:prf: true, webauthn:virtualAuthenticators: true}
Element: [[ChromeDriver: chrome on windows (37da7b75d81ce3fec5e0d14fdec94acf)] -> xpath: //div[@class='d-flex']//*[@class='text-warning cursor-pointer']]
Session ID: 37da7b75d81ce3fec5e0d14fdec94acf
at testCases.TC003_GeneralInvoiceTest.verify_general_Invoice_Page(TC003_GeneralInvoiceTest.java:141)
at java.base/java.util.ArrayList.forEach(ArrayList.java:1511)
... Removed 28 stack frames]]>
    </failure>
  </testcase> <!-- verify_general_Invoice_Page -->
</testsuite> <!-- RegressionTests -->
